<?xml version="1.0" encoding="UTF-8"?>
<testsuite xmlns:xsi="http://www.w3.org/2001/XMLSchema-instance" xsi:noNamespaceSchemaLocation="https://maven.apache.org/surefire/maven-surefire-plugin/xsd/surefire-test-report-3.0.xsd" version="3.0" name="com.base.BaseTest" time="34.022" tests="0" errors="0" skipped="0" failures="0">
  <properties>
    <property name="java.specification.version" value="22"/>
    <property name="sun.cpu.isalist" value="amd64"/>
    <property name="sun.jnu.encoding" value="Cp1252"/>
    <property name="java.class.path" value="G:\Workspace\eclipse-workspace\Web\Playwright_MoonHRM\target\test-classes;G:\Workspace\eclipse-workspace\Web\Playwright_MoonHRM\target\classes;C:\Users\Maulik (QA)\.m2\repository\org\testng\testng\7.10.2\testng-7.10.2.jar;C:\Users\Maulik (QA)\.m2\repository\org\slf4j\slf4j-api\1.7.36\slf4j-api-1.7.36.jar;C:\Users\Maulik (QA)\.m2\repository\com\beust\jcommander\1.82\jcommander-1.82.jar;C:\Users\Maulik (QA)\.m2\repository\org\webjars\jquery\3.7.1\jquery-3.7.1.jar;C:\Users\Maulik (QA)\.m2\repository\com\microsoft\playwright\playwright\1.49.0\playwright-1.49.0.jar;C:\Users\Maulik (QA)\.m2\repository\com\google\code\gson\gson\2.11.0\gson-2.11.0.jar;C:\Users\Maulik (QA)\.m2\repository\com\google\errorprone\error_prone_annotations\2.27.0\error_prone_annotations-2.27.0.jar;C:\Users\Maulik (QA)\.m2\repository\org\opentest4j\opentest4j\1.3.0\opentest4j-1.3.0.jar;C:\Users\Maulik (QA)\.m2\repository\com\microsoft\playwright\driver\1.49.0\driver-1.49.0.jar;C:\Users\Maulik (QA)\.m2\repository\com\microsoft\playwright\driver-bundle\1.49.0\driver-bundle-1.49.0.jar;"/>
    <property name="java.vm.vendor" value="Oracle Corporation"/>
    <property name="sun.arch.data.model" value="64"/>
    <property name="user.variant" value=""/>
    <property name="java.vendor.url" value="https://java.oracle.com/"/>
    <property name="user.timezone" value="Asia/Calcutta"/>
    <property name="os.name" value="Windows 10"/>
    <property name="java.vm.specification.version" value="22"/>
    <property name="sun.java.launcher" value="SUN_STANDARD"/>
    <property name="user.country" value="IN"/>
    <property name="sun.boot.library.path" value="C:\Program Files\Java\jdk-22\bin"/>
    <property name="sun.java.command" value="C:\Users\Maulik (QA)\AppData\Local\Temp\surefire17405926505212515888\surefirebooter-20250203223247445_3.jar C:\Users\Maulik (QA)\AppData\Local\Temp\surefire17405926505212515888 2025-02-03T22-32-47_172-jvmRun1 surefire-20250203223247445_1tmp surefire_0-20250203223247445_2tmp"/>
    <property name="jdk.debug" value="release"/>
    <property name="surefire.test.class.path" value="G:\Workspace\eclipse-workspace\Web\Playwright_MoonHRM\target\test-classes;G:\Workspace\eclipse-workspace\Web\Playwright_MoonHRM\target\classes;C:\Users\Maulik (QA)\.m2\repository\org\testng\testng\7.10.2\testng-7.10.2.jar;C:\Users\Maulik (QA)\.m2\repository\org\slf4j\slf4j-api\1.7.36\slf4j-api-1.7.36.jar;C:\Users\Maulik (QA)\.m2\repository\com\beust\jcommander\1.82\jcommander-1.82.jar;C:\Users\Maulik (QA)\.m2\repository\org\webjars\jquery\3.7.1\jquery-3.7.1.jar;C:\Users\Maulik (QA)\.m2\repository\com\microsoft\playwright\playwright\1.49.0\playwright-1.49.0.jar;C:\Users\Maulik (QA)\.m2\repository\com\google\code\gson\gson\2.11.0\gson-2.11.0.jar;C:\Users\Maulik (QA)\.m2\repository\com\google\errorprone\error_prone_annotations\2.27.0\error_prone_annotations-2.27.0.jar;C:\Users\Maulik (QA)\.m2\repository\org\opentest4j\opentest4j\1.3.0\opentest4j-1.3.0.jar;C:\Users\Maulik (QA)\.m2\repository\com\microsoft\playwright\driver\1.49.0\driver-1.49.0.jar;C:\Users\Maulik (QA)\.m2\repository\com\microsoft\playwright\driver-bundle\1.49.0\driver-bundle-1.49.0.jar;"/>
    <property name="sun.cpu.endian" value="little"/>
    <property name="user.home" value="C:\Users\Maulik (QA)"/>
    <property name="user.language" value="en"/>
    <property name="java.specification.vendor" value="Oracle Corporation"/>
    <property name="java.version.date" value="2024-04-16"/>
    <property name="java.home" value="C:\Program Files\Java\jdk-22"/>
    <property name="file.separator" value="\"/>
    <property name="basedir" value="G:\Workspace\eclipse-workspace\Web\Playwright_MoonHRM"/>
    <property name="style.color" value="always"/>
    <property name="java.vm.compressedOopsMode" value="Zero based"/>
    <property name="line.separator" value="&#10;"/>
    <property name="java.vm.specification.vendor" value="Oracle Corporation"/>
    <property name="java.specification.name" value="Java Platform API Specification"/>
    <property name="surefire.real.class.path" value="C:\Users\Maulik (QA)\AppData\Local\Temp\surefire17405926505212515888\surefirebooter-20250203223247445_3.jar"/>
    <property name="user.script" value=""/>
    <property name="sun.management.compiler" value="HotSpot 64-Bit Tiered Compilers"/>
    <property name="java.runtime.version" value="22.0.1+8-16"/>
    <property name="user.name" value="Maulik (QA)"/>
    <property name="stdout.encoding" value="Cp1252"/>
    <property name="path.separator" value=";"/>
    <property name="os.version" value="10.0"/>
    <property name="java.runtime.name" value="Java(TM) SE Runtime Environment"/>
    <property name="file.encoding" value="UTF-8"/>
    <property name="java.vm.name" value="Java HotSpot(TM) 64-Bit Server VM"/>
    <property name="localRepository" value="C:\Users\Maulik (QA)\.m2\repository"/>
    <property name="java.vendor.url.bug" value="https://bugreport.java.com/bugreport/"/>
    <property name="java.io.tmpdir" value="C:\Users\MAULIK~1\AppData\Local\Temp\"/>
    <property name="java.version" value="22.0.1"/>
    <property name="user.dir" value="G:\Workspace\eclipse-workspace\Web\Playwright_MoonHRM"/>
    <property name="os.arch" value="amd64"/>
    <property name="java.vm.specification.name" value="Java Virtual Machine Specification"/>
    <property name="sun.os.patch.level" value=""/>
    <property name="native.encoding" value="Cp1252"/>
    <property name="java.library.path" value="C:\Program Files\Java\jdk-22\bin;C:\WINDOWS\Sun\Java\bin;C:\WINDOWS\system32;C:\WINDOWS;C:\Program Files\Common Files\Oracle\Java\javapath;C:\Program Files\Maven\apache-maven-3.9.4\bin;C:\Program Files\Java\jdk-21;C:\Program Files\Java\jdk-22;\lib;C:\Program Files\Java\jdk-21;C:\Program Files\Java\jdk-22;\bin;C:\Program Files\Atlassian\Jira\bin;C:\strawberry\c\bin;C:\strawberry\perl\bin;C:\Program Files\Atlassian\Jira\bin;C:\Windows\System32;C:\Program Files\nodejs\;C:\Program Files\nodejs\npm;C:\Program Files\Java\jdk-21\bin;C:\Program Files\Java\jdk-21\lib;C:\Program Files\Git\cmd;C:\Program Files\MySQL\MySQL Shell 8.0\bin\;C:\Users\Maulik (QA)\AppData\Local\Programs\Python\Python313\Scripts\;C:\Users\Maulik (QA)\AppData\Local\Programs\Python\Python313\;C:\Users\Maulik (QA)\AppData\Local\Microsoft\WindowsApps;C:\Program Files\JetBrains\IntelliJ IDEA 2021.3.2\bin;;C:\Users\Maulik (QA)\AppData\Local\GitHubDesktop\bin;C:\Users\Maulik (QA)\AppData\Roaming\npm;C:\Users\Maulik (QA)\AppData\Local\Programs\Microsoft VS Code\bin;C:\Users\Maulik (QA)\AppData\Local\Programs\Fiddler;C:\Program Files\JetBrains\PyCharm Community Edition 2024.3.1.1\bin;;."/>
    <property name="java.vm.info" value="mixed mode, sharing"/>
    <property name="stderr.encoding" value="Cp1252"/>
    <property name="java.vendor" value="Oracle Corporation"/>
    <property name="java.vm.version" value="22.0.1+8-16"/>
    <property name="sun.io.unicode.encoding" value="UnicodeLittle"/>
    <property name="java.class.version" value="66.0"/>
  </properties>
</testsuite>