<?xml version="1.0" encoding="UTF-8"?>
<!-- Generated by org.testng.reporters.JUnitReportReporter -->
<testsuite hostname="DESKTOP-DPRSV8L" failures="0" tests="2" name="com.testcases.LoginTC" time="5.940" errors="0" timestamp="2025-02-03T22:34:37 IST" skipped="0">
  <testcase classname="com.testcases.LoginTC" name="loginWithWrongCredentials" time="2.998"/>
  <testcase classname="com.testcases.LoginTC" name="loginWithValidCredentials" time="2.942"/>
</testsuite> <!-- com.testcases.LoginTC -->
