<?xml version="1.0" encoding="UTF-8"?>
<!-- Generated by org.testng.reporters.JUnitReportReporter -->
<testsuite hostname="DESKTOP-DPRSV8L" failures="0" tests="1" name="com.testcases.LoginTC" time="0.149" errors="0" timestamp="2025-02-03T00:41:22 IST" skipped="0">
  <testcase classname="com.testcases.LoginTC" name="loginWithValidCredentials" time="0.149"/>
</testsuite> <!-- com.testcases.LoginTC -->
