<?xml version="1.0" encoding="UTF-8"?>
<!-- Generated by org.testng.reporters.JUnitReportReporter -->
<testsuite hostname="DESKTOP-DPRSV8L" failures="0" tests="1" name="com.base.BaseTest" time="25.664" errors="0" timestamp="2025-02-03T00:18:59 IST" skipped="0">
  <testcase classname="com.base.BaseTest" name="invoke" time="25.664"/>
</testsuite> <!-- com.base.BaseTest -->
